<?xml version="1.0" encoding="UTF-8"?>
<testng-results skipped="0" failed="0" ignored="0" total="1" passed="1">
  <reporter-output>
  </reporter-output>
  <suite name="Default suite" duration-ms="9036" started-at="2018-10-18T04:50:39Z" finished-at="2018-10-18T04:50:48Z">
    <groups>
    </groups>
    <test name="Default test" duration-ms="9036" started-at="2018-10-18T04:50:39Z" finished-at="2018-10-18T04:50:48Z">
      <class name="qa.test.TC_02_LoginToAppTest">
        <test-method status="PASS" signature="validateLogin()[pri:0, instance:qa.test.TC_02_LoginToAppTest@78c03f1f]" name="validateLogin" duration-ms="9001" started-at="2018-10-18T00:50:39Z" finished-at="2018-10-18T00:50:48Z">
          <reporter-output>
          </reporter-output>
        </test-method> <!-- validateLogin -->
      </class> <!-- qa.test.TC_02_LoginToAppTest -->
    </test> <!-- Default test -->
  </suite> <!-- Default suite -->
</testng-results>
